

Started GET "/assets/rails.png" for 127.0.0.1 at 2013-01-28 10:59:38 +0800
Connecting to database specified by database.yml
Served asset /rails.png - 304 Not Modified (5ms)
Connecting to database specified by database.yml
Connecting to database specified by database.yml
  [1m[36m (0.1ms)[0m  [1mselect sqlite_version(*)[0m
  [1m[35m (1.2ms)[0m  CREATE TABLE "schema_migrations" ("version" varchar(255) NOT NULL) 
  [1m[36m (0.8ms)[0m  [1mCREATE UNIQUE INDEX "unique_schema_migrations" ON "schema_migrations" ("version")[0m
  [1m[35m (0.9ms)[0m  SELECT "schema_migrations"."version" FROM "schema_migrations" 
Migrating to CreateProducts (20130128124014)
  [1m[36m (0.0ms)[0m  [1mbegin transaction[0m
  [1m[35m (0.3ms)[0m  CREATE TABLE "products" ("id" INTEGER PRIMARY KEY AUTOINCREMENT NOT NULL, "title" varchar(255), "pic" varchar(255), "created_at" datetime NOT NULL, "updated_at" datetime NOT NULL) 
  [1m[36m (0.1ms)[0m  [1mINSERT INTO "schema_migrations" ("version") VALUES ('20130128124014')[0m
  [1m[35m (0.8ms)[0m  commit transaction
  [1m[36m (0.1ms)[0m  [1mSELECT "schema_migrations"."version" FROM "schema_migrations" [0m


Started GET "/assets/rails.png" for 127.0.0.1 at 2013-01-28 21:20:40 +0800
Connecting to database specified by database.yml
Served asset /rails.png - 304 Not Modified (2ms)


Started GET "/products" for 127.0.0.1 at 2013-01-28 21:20:45 +0800

ActionController::RoutingError (undefined method `has_attached_file' for #<Class:0x007fd0bac73660>):
  app/models/product.rb:4:in `<class:Product>'
  app/models/product.rb:1:in `<top (required)>'
  app/controllers/products_controller.rb:1:in `<top (required)>'


  Rendered /Users/jin/.rvm/gems/ruby-1.9.3-p327/gems/actionpack-3.2.9/lib/action_dispatch/middleware/templates/rescues/routing_error.erb within rescues/layout (1.8ms)
Connecting to database specified by database.yml


Started GET "/products" for 127.0.0.1 at 2013-01-28 21:30:30 +0800
Connecting to database specified by database.yml

ActionController::RoutingError (uninitialized constant Product::Paperclip):
  app/models/product.rb:3:in `<class:Product>'
  app/models/product.rb:1:in `<top (required)>'
  app/controllers/products_controller.rb:1:in `<top (required)>'


  Rendered /Users/jin/.rvm/gems/ruby-1.9.3-p327/gems/actionpack-3.2.9/lib/action_dispatch/middleware/templates/rescues/routing_error.erb within rescues/layout (1.8ms)


Started GET "/products" for 127.0.0.1 at 2013-01-29 09:25:31 +0800
Connecting to database specified by database.yml
Processing by ProductsController#index as HTML
  [1m[36mProduct Load (0.1ms)[0m  [1mSELECT "products".* FROM "products" [0m
  Rendered products/index.html.erb within layouts/application (2.6ms)
Compiled products.css  (6ms)  (pid 76017)
Compiled scaffolds.css  (11ms)  (pid 76017)
Compiled users.css  (1ms)  (pid 76017)
Compiled application.css  (35ms)  (pid 76017)
Compiled jquery.js  (1ms)  (pid 76017)
Compiled jquery_ujs.js  (0ms)  (pid 76017)
Compiled products.js  (53ms)  (pid 76017)
Compiled users.js  (49ms)  (pid 76017)
Compiled application.js  (156ms)  (pid 76017)
Completed 200 OK in 344ms (Views: 328.1ms | ActiveRecord: 1.5ms)


Started GET "/assets/application.css?body=1" for 127.0.0.1 at 2013-01-29 09:25:32 +0800
Served asset /application.css - 200 OK (31ms)


Started GET "/assets/products.css?body=1" for 127.0.0.1 at 2013-01-29 09:25:32 +0800
Served asset /products.css - 200 OK (1ms)


Started GET "/assets/users.css?body=1" for 127.0.0.1 at 2013-01-29 09:25:32 +0800
Served asset /users.css - 200 OK (2ms)


Started GET "/assets/scaffolds.css?body=1" for 127.0.0.1 at 2013-01-29 09:25:32 +0800
Served asset /scaffolds.css - 200 OK (1ms)


Started GET "/assets/jquery.js?body=1" for 127.0.0.1 at 2013-01-29 09:25:32 +0800
Served asset /jquery.js - 200 OK (1ms)


Started GET "/assets/jquery_ujs.js?body=1" for 127.0.0.1 at 2013-01-29 09:25:32 +0800
Served asset /jquery_ujs.js - 200 OK (1ms)


Started GET "/assets/products.js?body=1" for 127.0.0.1 at 2013-01-29 09:25:32 +0800
Served asset /products.js - 200 OK (1ms)


Started GET "/assets/users.js?body=1" for 127.0.0.1 at 2013-01-29 09:25:32 +0800
Served asset /users.js - 200 OK (1ms)


Started GET "/assets/application.js?body=1" for 127.0.0.1 at 2013-01-29 09:25:32 +0800
Served asset /application.js - 200 OK (4ms)


Started GET "/products/new" for 127.0.0.1 at 2013-01-29 09:25:36 +0800
Processing by ProductsController#new as HTML
ERROR: compiling _app_views_products__form_html_erb___3887708816852517484_70281374363700 RAISED /Users/jin/workspace/attachments-test/app/views/products/_form.html.erb:1: syntax error, unexpected tASSOC, expecting keyword_end
...=  form_for(@product), :html => { :multipart => true } do |f...
...                               ^
/Users/jin/workspace/attachments-test/app/views/products/_form.html.erb:1: syntax error, unexpected keyword_do_block, expecting keyword_end
...ml => { :multipart => true } do |f| @output_buffer.safe_conc...
...                               ^
/Users/jin/workspace/attachments-test/app/views/products/_form.html.erb:27: syntax error, unexpected keyword_ensure, expecting $end
Function body:           def _app_views_products__form_html_erb___3887708816852517484_70281374363700(local_assigns, output_buffer)
            _old_virtual_path, @virtual_path = @virtual_path, "products/_form";_old_output_buffer = @output_buffer;form = local_assigns[:form];;@output_buffer = output_buffer || ActionView::OutputBuffer.new;@output_buffer.append=  form_for(@product), :html => { :multipart => true } do |f| @output_buffer.safe_concat('
');   if @product.errors.any? 
@output_buffer.safe_concat('    <div id="error_explanation">
      <h2>');@output_buffer.append= ( pluralize(@product.errors.count, "error") );@output_buffer.safe_concat(' prohibited this product from being saved:</h2>

      <ul>
');       @product.errors.full_messages.each do |msg| 
@output_buffer.safe_concat('        <li>');@output_buffer.append= ( msg );@output_buffer.safe_concat('</li>
');       end 
@output_buffer.safe_concat('      </ul>
    </div>
');   end 
@output_buffer.safe_concat('
  <div class="field">
    ');@output_buffer.append= ( f.label :title );@output_buffer.safe_concat('<br />
    ');@output_buffer.append= ( f.text_field :title );@output_buffer.safe_concat('
');@output_buffer.safe_concat('  </div>
  <div class="field">
    ');@output_buffer.append= ( f.label :pic );@output_buffer.safe_concat('<br />
		');@output_buffer.append= ( f.file_field :pic );@output_buffer.safe_concat('
');@output_buffer.safe_concat('  </div>
  <div class="actions">
    ');@output_buffer.append= ( f.submit );@output_buffer.safe_concat('
');@output_buffer.safe_concat('  </div>
'); end 
@output_buffer.to_s
          ensure
            @virtual_path, @output_buffer = _old_virtual_path, _old_output_buffer
          end

Backtrace: /Users/jin/.rvm/gems/ruby-1.9.3-p327/gems/actionpack-3.2.9/lib/action_view/template.rb:297:in `module_eval'
/Users/jin/.rvm/gems/ruby-1.9.3-p327/gems/actionpack-3.2.9/lib/action_view/template.rb:297:in `compile'
/Users/jin/.rvm/gems/ruby-1.9.3-p327/gems/actionpack-3.2.9/lib/action_view/template.rb:244:in `block in compile!'
<internal:prelude>:10:in `synchronize'
/Users/jin/.rvm/gems/ruby-1.9.3-p327/gems/actionpack-3.2.9/lib/action_view/template.rb:232:in `compile!'
/Users/jin/.rvm/gems/ruby-1.9.3-p327/gems/actionpack-3.2.9/lib/action_view/template.rb:144:in `block in render'
/Users/jin/.rvm/gems/ruby-1.9.3-p327/gems/activesupport-3.2.9/lib/active_support/notifications.rb:125:in `instrument'
/Users/jin/.rvm/gems/ruby-1.9.3-p327/gems/actionpack-3.2.9/lib/action_view/template.rb:143:in `render'
/Users/jin/.rvm/gems/ruby-1.9.3-p327/gems/actionpack-3.2.9/lib/action_view/renderer/partial_renderer.rb:265:in `render_partial'
/Users/jin/.rvm/gems/ruby-1.9.3-p327/gems/actionpack-3.2.9/lib/action_view/renderer/partial_renderer.rb:238:in `block in render'
/Users/jin/.rvm/gems/ruby-1.9.3-p327/gems/actionpack-3.2.9/lib/action_view/renderer/abstract_renderer.rb:38:in `block in instrument'
/Users/jin/.rvm/gems/ruby-1.9.3-p327/gems/activesupport-3.2.9/lib/active_support/notifications.rb:123:in `block in instrument'
/Users/jin/.rvm/gems/ruby-1.9.3-p327/gems/activesupport-3.2.9/lib/active_support/notifications/instrumenter.rb:20:in `instrument'
/Users/jin/.rvm/gems/ruby-1.9.3-p327/gems/activesupport-3.2.9/lib/active_support/notifications.rb:123:in `instrument'
/Users/jin/.rvm/gems/ruby-1.9.3-p327/gems/actionpack-3.2.9/lib/action_view/renderer/abstract_renderer.rb:38:in `instrument'
/Users/jin/.rvm/gems/ruby-1.9.3-p327/gems/actionpack-3.2.9/lib/action_view/renderer/partial_renderer.rb:237:in `render'
/Users/jin/.rvm/gems/ruby-1.9.3-p327/gems/actionpack-3.2.9/lib/action_view/renderer/renderer.rb:41:in `render_partial'
/Users/jin/.rvm/gems/ruby-1.9.3-p327/gems/actionpack-3.2.9/lib/action_view/helpers/rendering_helper.rb:27:in `render'
/Users/jin/workspace/attachments-test/app/views/products/new.html.erb:3:in `_app_views_products_new_html_erb__2332114129370116442_70281339288940'
/Users/jin/.rvm/gems/ruby-1.9.3-p327/gems/actionpack-3.2.9/lib/action_view/template.rb:145:in `block in render'
/Users/jin/.rvm/gems/ruby-1.9.3-p327/gems/activesupport-3.2.9/lib/active_support/notifications.rb:125:in `instrument'
/Users/jin/.rvm/gems/ruby-1.9.3-p327/gems/actionpack-3.2.9/lib/action_view/template.rb:143:in `render'
/Users/jin/.rvm/gems/ruby-1.9.3-p327/gems/actionpack-3.2.9/lib/action_view/renderer/template_renderer.rb:47:in `block (2 levels) in render_template'
/Users/jin/.rvm/gems/ruby-1.9.3-p327/gems/actionpack-3.2.9/lib/action_view/renderer/abstract_renderer.rb:38:in `block in instrument'
/Users/jin/.rvm/gems/ruby-1.9.3-p327/gems/activesupport-3.2.9/lib/active_support/notifications.rb:123:in `block in instrument'
/Users/jin/.rvm/gems/ruby-1.9.3-p327/gems/activesupport-3.2.9/lib/active_support/notifications/instrumenter.rb:20:in `instrument'
/Users/jin/.rvm/gems/ruby-1.9.3-p327/gems/activesupport-3.2.9/lib/active_support/notifications.rb:123:in `instrument'
/Users/jin/.rvm/gems/ruby-1.9.3-p327/gems/actionpack-3.2.9/lib/action_view/renderer/abstract_renderer.rb:38:in `instrument'
/Users/jin/.rvm/gems/ruby-1.9.3-p327/gems/actionpack-3.2.9/lib/action_view/renderer/template_renderer.rb:46:in `block in render_template'
/Users/jin/.rvm/gems/ruby-1.9.3-p327/gems/actionpack-3.2.9/lib/action_view/renderer/template_renderer.rb:54:in `render_with_layout'
/Users/jin/.rvm/gems/ruby-1.9.3-p327/gems/actionpack-3.2.9/lib/action_view/renderer/template_renderer.rb:45:in `render_template'
/Users/jin/.rvm/gems/ruby-1.9.3-p327/gems/actionpack-3.2.9/lib/action_view/renderer/template_renderer.rb:18:in `render'
/Users/jin/.rvm/gems/ruby-1.9.3-p327/gems/actionpack-3.2.9/lib/action_view/renderer/renderer.rb:36:in `render_template'
/Users/jin/.rvm/gems/ruby-1.9.3-p327/gems/actionpack-3.2.9/lib/action_view/renderer/renderer.rb:17:in `render'
/Users/jin/.rvm/gems/ruby-1.9.3-p327/gems/actionpack-3.2.9/lib/abstract_controller/rendering.rb:110:in `_render_template'
/Users/jin/.rvm/gems/ruby-1.9.3-p327/gems/actionpack-3.2.9/lib/action_controller/metal/streaming.rb:225:in `_render_template'
/Users/jin/.rvm/gems/ruby-1.9.3-p327/gems/actionpack-3.2.9/lib/abstract_controller/rendering.rb:103:in `render_to_body'
/Users/jin/.rvm/gems/ruby-1.9.3-p327/gems/actionpack-3.2.9/lib/action_controller/metal/renderers.rb:28:in `render_to_body'
/Users/jin/.rvm/gems/ruby-1.9.3-p327/gems/actionpack-3.2.9/lib/action_controller/metal/compatibility.rb:50:in `render_to_body'
/Users/jin/.rvm/gems/ruby-1.9.3-p327/gems/actionpack-3.2.9/lib/abstract_controller/rendering.rb:88:in `render'
/Users/jin/.rvm/gems/ruby-1.9.3-p327/gems/actionpack-3.2.9/lib/action_controller/metal/rendering.rb:16:in `render'
/Users/jin/.rvm/gems/ruby-1.9.3-p327/gems/actionpack-3.2.9/lib/action_controller/metal/instrumentation.rb:40:in `block (2 levels) in render'
/Users/jin/.rvm/gems/ruby-1.9.3-p327/gems/activesupport-3.2.9/lib/active_support/core_ext/benchmark.rb:5:in `block in ms'
/Users/jin/.rvm/rubies/ruby-1.9.3-p327/lib/ruby/1.9.1/benchmark.rb:295:in `realtime'
/Users/jin/.rvm/gems/ruby-1.9.3-p327/gems/activesupport-3.2.9/lib/active_support/core_ext/benchmark.rb:5:in `ms'
/Users/jin/.rvm/gems/ruby-1.9.3-p327/gems/actionpack-3.2.9/lib/action_controller/metal/instrumentation.rb:40:in `block in render'
/Users/jin/.rvm/gems/ruby-1.9.3-p327/gems/actionpack-3.2.9/lib/action_controller/metal/instrumentation.rb:83:in `cleanup_view_runtime'
/Users/jin/.rvm/gems/ruby-1.9.3-p327/gems/activerecord-3.2.9/lib/active_record/railties/controller_runtime.rb:24:in `cleanup_view_runtime'
/Users/jin/.rvm/gems/ruby-1.9.3-p327/gems/actionpack-3.2.9/lib/action_controller/metal/instrumentation.rb:39:in `render'
/Users/jin/.rvm/gems/ruby-1.9.3-p327/gems/actionpack-3.2.9/lib/action_controller/metal/implicit_render.rb:10:in `default_render'
/Users/jin/.rvm/gems/ruby-1.9.3-p327/gems/actionpack-3.2.9/lib/action_controller/metal/mime_responds.rb:196:in `respond_to'
/Users/jin/workspace/attachments-test/app/controllers/products_controller.rb:29:in `new'
/Users/jin/.rvm/gems/ruby-1.9.3-p327/gems/actionpack-3.2.9/lib/action_controller/metal/implicit_render.rb:4:in `send_action'
/Users/jin/.rvm/gems/ruby-1.9.3-p327/gems/actionpack-3.2.9/lib/abstract_controller/base.rb:167:in `process_action'
/Users/jin/.rvm/gems/ruby-1.9.3-p327/gems/actionpack-3.2.9/lib/action_controller/metal/rendering.rb:10:in `process_action'
/Users/jin/.rvm/gems/ruby-1.9.3-p327/gems/actionpack-3.2.9/lib/abstract_controller/callbacks.rb:18:in `block in process_action'
/Users/jin/.rvm/gems/ruby-1.9.3-p327/gems/activesupport-3.2.9/lib/active_support/callbacks.rb:414:in `_run__2025578183711909757__process_action__3562651641968154701__callbacks'
/Users/jin/.rvm/gems/ruby-1.9.3-p327/gems/activesupport-3.2.9/lib/active_support/callbacks.rb:405:in `__run_callback'
/Users/jin/.rvm/gems/ruby-1.9.3-p327/gems/activesupport-3.2.9/lib/active_support/callbacks.rb:385:in `_run_process_action_callbacks'
/Users/jin/.rvm/gems/ruby-1.9.3-p327/gems/activesupport-3.2.9/lib/active_support/callbacks.rb:81:in `run_callbacks'
/Users/jin/.rvm/gems/ruby-1.9.3-p327/gems/actionpack-3.2.9/lib/abstract_controller/callbacks.rb:17:in `process_action'
/Users/jin/.rvm/gems/ruby-1.9.3-p327/gems/actionpack-3.2.9/lib/action_controller/metal/rescue.rb:29:in `process_action'
/Users/jin/.rvm/gems/ruby-1.9.3-p327/gems/actionpack-3.2.9/lib/action_controller/metal/instrumentation.rb:30:in `block in process_action'
/Users/jin/.rvm/gems/ruby-1.9.3-p327/gems/activesupport-3.2.9/lib/active_support/notifications.rb:123:in `block in instrument'
/Users/jin/.rvm/gems/ruby-1.9.3-p327/gems/activesupport-3.2.9/lib/active_support/notifications/instrumenter.rb:20:in `instrument'
/Users/jin/.rvm/gems/ruby-1.9.3-p327/gems/activesupport-3.2.9/lib/active_support/notifications.rb:123:in `instrument'
/Users/jin/.rvm/gems/ruby-1.9.3-p327/gems/actionpack-3.2.9/lib/action_controller/metal/instrumentation.rb:29:in `process_action'
/Users/jin/.rvm/gems/ruby-1.9.3-p327/gems/actionpack-3.2.9/lib/action_controller/metal/params_wrapper.rb:207:in `process_action'
/Users/jin/.rvm/gems/ruby-1.9.3-p327/gems/activerecord-3.2.9/lib/active_record/railties/controller_runtime.rb:18:in `process_action'
/Users/jin/.rvm/gems/ruby-1.9.3-p327/gems/actionpack-3.2.9/lib/abstract_controller/base.rb:121:in `process'
/Users/jin/.rvm/gems/ruby-1.9.3-p327/gems/actionpack-3.2.9/lib/abstract_controller/rendering.rb:45:in `process'
/Users/jin/.rvm/gems/ruby-1.9.3-p327/gems/actionpack-3.2.9/lib/action_controller/metal.rb:203:in `dispatch'
/Users/jin/.rvm/gems/ruby-1.9.3-p327/gems/actionpack-3.2.9/lib/action_controller/metal/rack_delegation.rb:14:in `dispatch'
/Users/jin/.rvm/gems/ruby-1.9.3-p327/gems/actionpack-3.2.9/lib/action_controller/metal.rb:246:in `block in action'
/Users/jin/.rvm/gems/ruby-1.9.3-p327/gems/actionpack-3.2.9/lib/action_dispatch/routing/route_set.rb:73:in `call'
/Users/jin/.rvm/gems/ruby-1.9.3-p327/gems/actionpack-3.2.9/lib/action_dispatch/routing/route_set.rb:73:in `dispatch'
/Users/jin/.rvm/gems/ruby-1.9.3-p327/gems/actionpack-3.2.9/lib/action_dispatch/routing/route_set.rb:36:in `call'
/Users/jin/.rvm/gems/ruby-1.9.3-p327/gems/journey-1.0.4/lib/journey/router.rb:68:in `block in call'
/Users/jin/.rvm/gems/ruby-1.9.3-p327/gems/journey-1.0.4/lib/journey/router.rb:56:in `each'
/Users/jin/.rvm/gems/ruby-1.9.3-p327/gems/journey-1.0.4/lib/journey/router.rb:56:in `call'
/Users/jin/.rvm/gems/ruby-1.9.3-p327/gems/actionpack-3.2.9/lib/action_dispatch/routing/route_set.rb:601:in `call'
/Users/jin/.rvm/gems/ruby-1.9.3-p327/gems/actionpack-3.2.9/lib/action_dispatch/middleware/best_standards_support.rb:17:in `call'
/Users/jin/.rvm/gems/ruby-1.9.3-p327/gems/rack-1.4.4/lib/rack/etag.rb:23:in `call'
/Users/jin/.rvm/gems/ruby-1.9.3-p327/gems/rack-1.4.4/lib/rack/conditionalget.rb:25:in `call'
/Users/jin/.rvm/gems/ruby-1.9.3-p327/gems/actionpack-3.2.9/lib/action_dispatch/middleware/head.rb:14:in `call'
/Users/jin/.rvm/gems/ruby-1.9.3-p327/gems/actionpack-3.2.9/lib/action_dispatch/middleware/params_parser.rb:21:in `call'
/Users/jin/.rvm/gems/ruby-1.9.3-p327/gems/actionpack-3.2.9/lib/action_dispatch/middleware/flash.rb:242:in `call'
/Users/jin/.rvm/gems/ruby-1.9.3-p327/gems/rack-1.4.4/lib/rack/session/abstract/id.rb:210:in `context'
/Users/jin/.rvm/gems/ruby-1.9.3-p327/gems/rack-1.4.4/lib/rack/session/abstract/id.rb:205:in `call'
/Users/jin/.rvm/gems/ruby-1.9.3-p327/gems/actionpack-3.2.9/lib/action_dispatch/middleware/cookies.rb:341:in `call'
/Users/jin/.rvm/gems/ruby-1.9.3-p327/gems/activerecord-3.2.9/lib/active_record/query_cache.rb:64:in `call'
/Users/jin/.rvm/gems/ruby-1.9.3-p327/gems/activerecord-3.2.9/lib/active_record/connection_adapters/abstract/connection_pool.rb:479:in `call'
/Users/jin/.rvm/gems/ruby-1.9.3-p327/gems/actionpack-3.2.9/lib/action_dispatch/middleware/callbacks.rb:28:in `block in call'
/Users/jin/.rvm/gems/ruby-1.9.3-p327/gems/activesupport-3.2.9/lib/active_support/callbacks.rb:405:in `_run__949100978265978459__call__2332953596419219999__callbacks'
/Users/jin/.rvm/gems/ruby-1.9.3-p327/gems/activesupport-3.2.9/lib/active_support/callbacks.rb:405:in `__run_callback'
/Users/jin/.rvm/gems/ruby-1.9.3-p327/gems/activesupport-3.2.9/lib/active_support/callbacks.rb:385:in `_run_call_callbacks'
/Users/jin/.rvm/gems/ruby-1.9.3-p327/gems/activesupport-3.2.9/lib/active_support/callbacks.rb:81:in `run_callbacks'
/Users/jin/.rvm/gems/ruby-1.9.3-p327/gems/actionpack-3.2.9/lib/action_dispatch/middleware/callbacks.rb:27:in `call'
/Users/jin/.rvm/gems/ruby-1.9.3-p327/gems/actionpack-3.2.9/lib/action_dispatch/middleware/reloader.rb:65:in `call'
/Users/jin/.rvm/gems/ruby-1.9.3-p327/gems/actionpack-3.2.9/lib/action_dispatch/middleware/remote_ip.rb:31:in `call'
/Users/jin/.rvm/gems/ruby-1.9.3-p327/gems/actionpack-3.2.9/lib/action_dispatch/middleware/debug_exceptions.rb:16:in `call'
/Users/jin/.rvm/gems/ruby-1.9.3-p327/gems/actionpack-3.2.9/lib/action_dispatch/middleware/show_exceptions.rb:56:in `call'
/Users/jin/.rvm/gems/ruby-1.9.3-p327/gems/railties-3.2.9/lib/rails/rack/logger.rb:32:in `call_app'
/Users/jin/.rvm/gems/ruby-1.9.3-p327/gems/railties-3.2.9/lib/rails/rack/logger.rb:16:in `block in call'
/Users/jin/.rvm/gems/ruby-1.9.3-p327/gems/activesupport-3.2.9/lib/active_support/tagged_logging.rb:22:in `tagged'
/Users/jin/.rvm/gems/ruby-1.9.3-p327/gems/railties-3.2.9/lib/rails/rack/logger.rb:16:in `call'
/Users/jin/.rvm/gems/ruby-1.9.3-p327/gems/actionpack-3.2.9/lib/action_dispatch/middleware/request_id.rb:22:in `call'
/Users/jin/.rvm/gems/ruby-1.9.3-p327/gems/rack-1.4.4/lib/rack/methodoverride.rb:21:in `call'
/Users/jin/.rvm/gems/ruby-1.9.3-p327/gems/rack-1.4.4/lib/rack/runtime.rb:17:in `call'
/Users/jin/.rvm/gems/ruby-1.9.3-p327/gems/activesupport-3.2.9/lib/active_support/cache/strategy/local_cache.rb:72:in `call'
/Users/jin/.rvm/gems/ruby-1.9.3-p327/gems/rack-1.4.4/lib/rack/lock.rb:15:in `call'
/Users/jin/.rvm/gems/ruby-1.9.3-p327/gems/actionpack-3.2.9/lib/action_dispatch/middleware/static.rb:62:in `call'
/Users/jin/.rvm/gems/ruby-1.9.3-p327/gems/railties-3.2.9/lib/rails/engine.rb:479:in `call'
/Users/jin/.rvm/gems/ruby-1.9.3-p327/gems/railties-3.2.9/lib/rails/application.rb:223:in `call'
/Users/jin/.rvm/gems/ruby-1.9.3-p327/gems/rack-1.4.4/lib/rack/content_length.rb:14:in `call'
/Users/jin/.rvm/gems/ruby-1.9.3-p327/gems/railties-3.2.9/lib/rails/rack/log_tailer.rb:17:in `call'
/Users/jin/.rvm/gems/ruby-1.9.3-p327/gems/rack-1.4.4/lib/rack/handler/webrick.rb:59:in `service'
/Users/jin/.rvm/rubies/ruby-1.9.3-p327/lib/ruby/1.9.1/webrick/httpserver.rb:138:in `service'
/Users/jin/.rvm/rubies/ruby-1.9.3-p327/lib/ruby/1.9.1/webrick/httpserver.rb:94:in `run'
/Users/jin/.rvm/rubies/ruby-1.9.3-p327/lib/ruby/1.9.1/webrick/server.rb:191:in `block in start_thread'
  Rendered products/_form.html.erb (27.7ms)
  Rendered products/new.html.erb within layouts/application (33.6ms)
Completed 500 Internal Server Error in 40ms

ActionView::Template::Error (/Users/jin/workspace/attachments-test/app/views/products/_form.html.erb:1: syntax error, unexpected tASSOC, expecting keyword_end
...=  form_for(@product), :html => { :multipart => true } do |f...
...                               ^
/Users/jin/workspace/attachments-test/app/views/products/_form.html.erb:1: syntax error, unexpected keyword_do_block, expecting keyword_end
...ml => { :multipart => true } do |f| @output_buffer.safe_conc...
...                               ^
/Users/jin/workspace/attachments-test/app/views/products/_form.html.erb:27: syntax error, unexpected keyword_ensure, expecting $end):
    1: <%= form_for(@product), :html => { :multipart => true } do |f| %>
    2:   <% if @product.errors.any? %>
    3:     <div id="error_explanation">
    4:       <h2><%= pluralize(@product.errors.count, "error") %> prohibited this product from being saved:</h2>
  app/views/products/new.html.erb:3:in `_app_views_products_new_html_erb__2332114129370116442_70281339288940'
  app/controllers/products_controller.rb:29:in `new'


  Rendered /Users/jin/.rvm/gems/ruby-1.9.3-p327/gems/actionpack-3.2.9/lib/action_dispatch/middleware/templates/rescues/_trace.erb (1.1ms)
  Rendered /Users/jin/.rvm/gems/ruby-1.9.3-p327/gems/actionpack-3.2.9/lib/action_dispatch/middleware/templates/rescues/_request_and_response.erb (0.9ms)
  Rendered /Users/jin/.rvm/gems/ruby-1.9.3-p327/gems/actionpack-3.2.9/lib/action_dispatch/middleware/templates/rescues/template_error.erb within rescues/layout (8.7ms)


Started GET "/products/new" for 127.0.0.1 at 2013-01-29 09:27:11 +0800
Processing by ProductsController#new as HTML
  Rendered products/_form.html.erb (10.2ms)
  Rendered products/new.html.erb within layouts/application (11.0ms)
Completed 200 OK in 16ms (Views: 15.6ms | ActiveRecord: 0.0ms)


Started GET "/assets/application.css?body=1" for 127.0.0.1 at 2013-01-29 09:27:11 +0800
Served asset /application.css - 304 Not Modified (0ms)


Started GET "/assets/scaffolds.css?body=1" for 127.0.0.1 at 2013-01-29 09:27:11 +0800
Served asset /scaffolds.css - 304 Not Modified (0ms)


Started GET "/assets/products.css?body=1" for 127.0.0.1 at 2013-01-29 09:27:11 +0800
Served asset /products.css - 304 Not Modified (0ms)


Started GET "/assets/users.css?body=1" for 127.0.0.1 at 2013-01-29 09:27:11 +0800
Served asset /users.css - 304 Not Modified (0ms)


Started GET "/assets/jquery.js?body=1" for 127.0.0.1 at 2013-01-29 09:27:11 +0800
Served asset /jquery.js - 304 Not Modified (0ms)


Started GET "/assets/jquery_ujs.js?body=1" for 127.0.0.1 at 2013-01-29 09:27:11 +0800
Served asset /jquery_ujs.js - 304 Not Modified (0ms)


Started GET "/assets/products.js?body=1" for 127.0.0.1 at 2013-01-29 09:27:11 +0800
Served asset /products.js - 304 Not Modified (0ms)


Started GET "/assets/users.js?body=1" for 127.0.0.1 at 2013-01-29 09:27:11 +0800
Served asset /users.js - 304 Not Modified (0ms)


Started GET "/assets/application.js?body=1" for 127.0.0.1 at 2013-01-29 09:27:12 +0800
Served asset /application.js - 304 Not Modified (0ms)


Started POST "/products" for 127.0.0.1 at 2013-01-29 09:27:18 +0800
Processing by ProductsController#create as HTML
  Parameters: {"utf8"=>"✓", "authenticity_token"=>"x3WUvNl1OKLYa731o6Sx0iZ1dPBAxaHJ3WH9yBGrFoo=", "product"=>{"title"=>"", "pic"=>#<ActionDispatch::Http::UploadedFile:0x007fd750883a68 @original_filename="3337134_130006473735_2.jpg", @content_type="image/jpeg", @headers="Content-Disposition: form-data; name=\"product[pic]\"; filename=\"3337134_130006473735_2.jpg\"\r\nContent-Type: image/jpeg\r\n", @tempfile=#<File:/var/folders/25/09_1ljm10377h1wny2bk74qr0000gn/T/RackMultipart20130129-76017-efk3qu>>}, "commit"=>"Create Product"}
Completed 500 Internal Server Error in 1ms

Paperclip::Error (Product model missing required attr_accessor for 'pic_file_name'):
  app/controllers/products_controller.rb:43:in `new'
  app/controllers/products_controller.rb:43:in `create'


  Rendered /Users/jin/.rvm/gems/ruby-1.9.3-p327/gems/actionpack-3.2.9/lib/action_dispatch/middleware/templates/rescues/_trace.erb (1.1ms)
  Rendered /Users/jin/.rvm/gems/ruby-1.9.3-p327/gems/actionpack-3.2.9/lib/action_dispatch/middleware/templates/rescues/_request_and_response.erb (1.0ms)
  Rendered /Users/jin/.rvm/gems/ruby-1.9.3-p327/gems/actionpack-3.2.9/lib/action_dispatch/middleware/templates/rescues/diagnostics.erb within rescues/layout (7.0ms)
Connecting to database specified by database.yml
  [1m[36m (0.9ms)[0m  [1mSELECT "schema_migrations"."version" FROM "schema_migrations" [0m
  [1m[35m (0.1ms)[0m  SELECT "schema_migrations"."version" FROM "schema_migrations" 
Migrating to CreateProducts (20130128124014)
  [1m[36m (0.0ms)[0m  [1mselect sqlite_version(*)[0m
  [1m[35m (0.0ms)[0m  begin transaction
  [1m[36m (0.3ms)[0m  [1mDROP TABLE "products"[0m
  [1m[35m (0.1ms)[0m  DELETE FROM "schema_migrations" WHERE "schema_migrations"."version" = '20130128124014'
  [1m[36m (2.2ms)[0m  [1mcommit transaction[0m
  [1m[35m (0.1ms)[0m  SELECT "schema_migrations"."version" FROM "schema_migrations" 
  [1m[36m (0.1ms)[0m  [1mSELECT "schema_migrations"."version" FROM "schema_migrations" [0m
Migrating to CreateProducts (20130128124014)
  [1m[35m (0.0ms)[0m  begin transaction
  [1m[36m (0.3ms)[0m  [1mCREATE TABLE "products" ("id" INTEGER PRIMARY KEY AUTOINCREMENT NOT NULL, "title" varchar(255), "pic" varchar(255), "pic_file_name" varchar(255), "pic_file_size" integer, "pic_content_type" varchar(255), "pic_updated_at" datetime, "created_at" datetime NOT NULL, "updated_at" datetime NOT NULL) [0m
  [1m[35m (0.1ms)[0m  INSERT INTO "schema_migrations" ("version") VALUES ('20130128124014')
  [1m[36m (0.7ms)[0m  [1mcommit transaction[0m
Migrating to CreateUsers (20130128132850)
  [1m[35m (0.0ms)[0m  begin transaction
  [1m[36m (0.7ms)[0m  [1mCREATE TABLE "users" ("id" INTEGER PRIMARY KEY AUTOINCREMENT NOT NULL, "name" varchar(255), "age" varchar(255), "created_at" datetime NOT NULL, "updated_at" datetime NOT NULL) [0m
  [1m[35m (0.1ms)[0m  INSERT INTO "schema_migrations" ("version") VALUES ('20130128132850')
  [1m[36m (0.6ms)[0m  [1mcommit transaction[0m
  [1m[35m (0.1ms)[0m  SELECT "schema_migrations"."version" FROM "schema_migrations" 


Started GET "/products/new" for 127.0.0.1 at 2013-01-29 09:35:37 +0800
Connecting to database specified by database.yml
Processing by ProductsController#new as HTML
  Rendered products/_form.html.erb (6.5ms)
  Rendered products/new.html.erb within layouts/application (11.3ms)
Completed 200 OK in 81ms (Views: 37.7ms | ActiveRecord: 1.4ms)


Started GET "/assets/application.css?body=1" for 127.0.0.1 at 2013-01-29 09:35:37 +0800
Served asset /application.css - 304 Not Modified (3ms)


Started GET "/assets/scaffolds.css?body=1" for 127.0.0.1 at 2013-01-29 09:35:37 +0800
Served asset /scaffolds.css - 304 Not Modified (1ms)


Started GET "/assets/products.css?body=1" for 127.0.0.1 at 2013-01-29 09:35:37 +0800
Served asset /products.css - 304 Not Modified (1ms)


Started GET "/assets/users.css?body=1" for 127.0.0.1 at 2013-01-29 09:35:37 +0800
Served asset /users.css - 304 Not Modified (1ms)


Started GET "/assets/jquery_ujs.js?body=1" for 127.0.0.1 at 2013-01-29 09:35:37 +0800
Served asset /jquery_ujs.js - 304 Not Modified (4ms)


Started GET "/assets/jquery.js?body=1" for 127.0.0.1 at 2013-01-29 09:35:37 +0800
Served asset /jquery.js - 304 Not Modified (2ms)


Started GET "/assets/products.js?body=1" for 127.0.0.1 at 2013-01-29 09:35:37 +0800
Served asset /products.js - 304 Not Modified (1ms)


Started GET "/assets/users.js?body=1" for 127.0.0.1 at 2013-01-29 09:35:37 +0800
Served asset /users.js - 304 Not Modified (1ms)


Started GET "/assets/application.js?body=1" for 127.0.0.1 at 2013-01-29 09:35:37 +0800
Served asset /application.js - 304 Not Modified (6ms)


Started POST "/products" for 127.0.0.1 at 2013-01-29 09:35:39 +0800
Processing by ProductsController#create as HTML
  Parameters: {"utf8"=>"✓", "authenticity_token"=>"x3WUvNl1OKLYa731o6Sx0iZ1dPBAxaHJ3WH9yBGrFoo=", "product"=>{"title"=>"", "pic"=>#<ActionDispatch::Http::UploadedFile:0x007fc703845298 @original_filename="3337134_130006473735_2.jpg", @content_type="image/jpeg", @headers="Content-Disposition: form-data; name=\"product[pic]\"; filename=\"3337134_130006473735_2.jpg\"\r\nContent-Type: image/jpeg\r\n", @tempfile=#<File:/var/folders/25/09_1ljm10377h1wny2bk74qr0000gn/T/RackMultipart20130129-76323-1g107vz>>}, "commit"=>"Create Product"}
Command :: identify -format '%wx%h,%[exif:orientation]' '/var/folders/25/09_1ljm10377h1wny2bk74qr0000gn/T/3337134_130006473735_220130129-76323-qoawt5.jpg[0]'
Command :: identify -format %m '/var/folders/25/09_1ljm10377h1wny2bk74qr0000gn/T/3337134_130006473735_220130129-76323-qoawt5.jpg[0]'
Command :: identify -format %m '/var/folders/25/09_1ljm10377h1wny2bk74qr0000gn/T/3337134_130006473735_220130129-76323-qoawt5.jpg[0]'
Command :: convert '/var/folders/25/09_1ljm10377h1wny2bk74qr0000gn/T/3337134_130006473735_220130129-76323-qoawt5.jpg[0]' -auto-orient -resize "300x300>" '/var/folders/25/09_1ljm10377h1wny2bk74qr0000gn/T/3337134_130006473735_220130129-76323-qoawt520130129-76323-1nauag8'
Command :: file -b --mime '/var/folders/25/09_1ljm10377h1wny2bk74qr0000gn/T/3337134_130006473735_220130129-76323-qoawt520130129-76323-1nauag8'
Command :: identify -format '%wx%h,%[exif:orientation]' '/var/folders/25/09_1ljm10377h1wny2bk74qr0000gn/T/3337134_130006473735_220130129-76323-qoawt5.jpg[0]'
Command :: identify -format %m '/var/folders/25/09_1ljm10377h1wny2bk74qr0000gn/T/3337134_130006473735_220130129-76323-qoawt5.jpg[0]'
Command :: identify -format %m '/var/folders/25/09_1ljm10377h1wny2bk74qr0000gn/T/3337134_130006473735_220130129-76323-qoawt5.jpg[0]'
Command :: convert '/var/folders/25/09_1ljm10377h1wny2bk74qr0000gn/T/3337134_130006473735_220130129-76323-qoawt5.jpg[0]' -auto-orient -resize "100x100>" '/var/folders/25/09_1ljm10377h1wny2bk74qr0000gn/T/3337134_130006473735_220130129-76323-qoawt520130129-76323-1uoufnv'
Command :: file -b --mime '/var/folders/25/09_1ljm10377h1wny2bk74qr0000gn/T/3337134_130006473735_220130129-76323-qoawt520130129-76323-1uoufnv'
  [1m[36m (0.1ms)[0m  [1mbegin transaction[0m
Binary data inserted for `string` type on column `pic_content_type`
  [1m[35mSQL (5.6ms)[0m  INSERT INTO "products" ("created_at", "pic", "pic_content_type", "pic_file_name", "pic_file_size", "pic_updated_at", "title", "updated_at") VALUES (?, ?, ?, ?, ?, ?, ?, ?)  [["created_at", Tue, 29 Jan 2013 01:35:39 UTC +00:00], ["pic", nil], ["pic_content_type", "image/jpeg"], ["pic_file_name", "3337134_130006473735_2.jpg"], ["pic_file_size", 232328], ["pic_updated_at", Tue, 29 Jan 2013 01:35:39 UTC +00:00], ["title", ""], ["updated_at", Tue, 29 Jan 2013 01:35:39 UTC +00:00]]
[paperclip] Saving attachments.
  [1m[36m (0.6ms)[0m  [1mcommit transaction[0m
Redirected to http://localhost:3000/products/1
Completed 302 Found in 285ms (ActiveRecord: 6.3ms)


Started GET "/products/1" for 127.0.0.1 at 2013-01-29 09:35:39 +0800
Processing by ProductsController#show as HTML
  Parameters: {"id"=>"1"}
  [1m[35mProduct Load (0.3ms)[0m  SELECT "products".* FROM "products" WHERE "products"."id" = ? LIMIT 1  [["id", "1"]]
  Rendered products/show.html.erb within layouts/application (10.0ms)
Completed 500 Internal Server Error in 16ms

ActionView::Template::Error (undefined method `avatar' for #<Product:0x007fc705167668>):
    8: <p>
    9:   <b>Pic:</b>
    10: 	
    11: 	<%= image_tag @product.avatar.url %>
    12: 	<%= image_tag @product.avatar.url(:medium) %>
    13: 	<%= image_tag @product.avatar.url(:thumb) %>
    14: </p>
  app/views/products/show.html.erb:11:in `_app_views_products_show_html_erb___489527733498615359_70246380307080'
  app/controllers/products_controller.rb:18:in `show'


  Rendered /Users/jin/.rvm/gems/ruby-1.9.3-p327/gems/actionpack-3.2.9/lib/action_dispatch/middleware/templates/rescues/_trace.erb (1.3ms)
  Rendered /Users/jin/.rvm/gems/ruby-1.9.3-p327/gems/actionpack-3.2.9/lib/action_dispatch/middleware/templates/rescues/_request_and_response.erb (0.9ms)
  Rendered /Users/jin/.rvm/gems/ruby-1.9.3-p327/gems/actionpack-3.2.9/lib/action_dispatch/middleware/templates/rescues/template_error.erb within rescues/layout (7.7ms)


Started GET "/products/1" for 127.0.0.1 at 2013-01-29 09:36:37 +0800
Processing by ProductsController#show as HTML
  Parameters: {"id"=>"1"}
  [1m[36mProduct Load (0.1ms)[0m  [1mSELECT "products".* FROM "products" WHERE "products"."id" = ? LIMIT 1[0m  [["id", "1"]]
  Rendered products/show.html.erb within layouts/application (2.6ms)
Completed 200 OK in 17ms (Views: 7.4ms | ActiveRecord: 0.5ms)


Started GET "/assets/application.css?body=1" for 127.0.0.1 at 2013-01-29 09:36:37 +0800
Served asset /application.css - 304 Not Modified (0ms)


Started GET "/assets/products.css?body=1" for 127.0.0.1 at 2013-01-29 09:36:37 +0800
Served asset /products.css - 304 Not Modified (0ms)


Started GET "/assets/scaffolds.css?body=1" for 127.0.0.1 at 2013-01-29 09:36:37 +0800
Served asset /scaffolds.css - 304 Not Modified (0ms)


Started GET "/assets/jquery.js?body=1" for 127.0.0.1 at 2013-01-29 09:36:37 +0800
Served asset /jquery.js - 304 Not Modified (0ms)


Started GET "/assets/jquery_ujs.js?body=1" for 127.0.0.1 at 2013-01-29 09:36:37 +0800
Served asset /jquery_ujs.js - 304 Not Modified (0ms)


Started GET "/assets/users.css?body=1" for 127.0.0.1 at 2013-01-29 09:36:37 +0800
Served asset /users.css - 304 Not Modified (0ms)


Started GET "/assets/products.js?body=1" for 127.0.0.1 at 2013-01-29 09:36:37 +0800
Served asset /products.js - 304 Not Modified (0ms)


Started GET "/assets/users.js?body=1" for 127.0.0.1 at 2013-01-29 09:36:37 +0800
Served asset /users.js - 304 Not Modified (0ms)


Started GET "/assets/application.js?body=1" for 127.0.0.1 at 2013-01-29 09:36:37 +0800
Served asset /application.js - 304 Not Modified (0ms)


Started GET "/products" for 127.0.0.1 at 2013-01-29 09:37:18 +0800
Processing by ProductsController#index as HTML
  [1m[35mProduct Load (0.2ms)[0m  SELECT "products".* FROM "products" 
  Rendered products/index.html.erb within layouts/application (3.0ms)
Completed 200 OK in 9ms (Views: 8.0ms | ActiveRecord: 0.2ms)


Started GET "/assets/application.css?body=1" for 127.0.0.1 at 2013-01-29 09:37:18 +0800
Served asset /application.css - 304 Not Modified (0ms)


Started GET "/assets/jquery.js?body=1" for 127.0.0.1 at 2013-01-29 09:37:18 +0800
Served asset /jquery.js - 304 Not Modified (0ms)


Started GET "/assets/users.css?body=1" for 127.0.0.1 at 2013-01-29 09:37:18 +0800
Served asset /users.css - 304 Not Modified (0ms)


Started GET "/assets/products.css?body=1" for 127.0.0.1 at 2013-01-29 09:37:18 +0800
Served asset /products.css - 304 Not Modified (0ms)


Started GET "/assets/jquery_ujs.js?body=1" for 127.0.0.1 at 2013-01-29 09:37:18 +0800
Served asset /jquery_ujs.js - 304 Not Modified (0ms)


Started GET "/assets/products.js?body=1" for 127.0.0.1 at 2013-01-29 09:37:18 +0800
Served asset /products.js - 304 Not Modified (0ms)


Started GET "/assets/scaffolds.css?body=1" for 127.0.0.1 at 2013-01-29 09:37:18 +0800
Served asset /scaffolds.css - 304 Not Modified (0ms)


Started GET "/assets/users.js?body=1" for 127.0.0.1 at 2013-01-29 09:37:18 +0800
Served asset /users.js - 304 Not Modified (0ms)


Started GET "/assets/application.js?body=1" for 127.0.0.1 at 2013-01-29 09:37:18 +0800
Served asset /application.js - 304 Not Modified (0ms)


Started GET "/products/new" for 127.0.0.1 at 2013-01-29 09:37:20 +0800
Processing by ProductsController#new as HTML
  Rendered products/_form.html.erb (1.9ms)
  Rendered products/new.html.erb within layouts/application (2.6ms)
Completed 200 OK in 7ms (Views: 6.8ms | ActiveRecord: 0.0ms)


Started GET "/assets/application.css?body=1" for 127.0.0.1 at 2013-01-29 09:37:20 +0800
Served asset /application.css - 304 Not Modified (0ms)


Started GET "/assets/scaffolds.css?body=1" for 127.0.0.1 at 2013-01-29 09:37:20 +0800
Served asset /scaffolds.css - 304 Not Modified (0ms)


Started GET "/assets/users.css?body=1" for 127.0.0.1 at 2013-01-29 09:37:20 +0800
Served asset /users.css - 304 Not Modified (0ms)


Started GET "/assets/jquery.js?body=1" for 127.0.0.1 at 2013-01-29 09:37:20 +0800
Served asset /jquery.js - 304 Not Modified (0ms)


Started GET "/assets/products.css?body=1" for 127.0.0.1 at 2013-01-29 09:37:20 +0800
Served asset /products.css - 304 Not Modified (0ms)


Started GET "/assets/jquery_ujs.js?body=1" for 127.0.0.1 at 2013-01-29 09:37:20 +0800
Served asset /jquery_ujs.js - 304 Not Modified (0ms)


Started GET "/assets/products.js?body=1" for 127.0.0.1 at 2013-01-29 09:37:20 +0800
Served asset /products.js - 304 Not Modified (0ms)


Started GET "/assets/users.js?body=1" for 127.0.0.1 at 2013-01-29 09:37:20 +0800
Served asset /users.js - 304 Not Modified (0ms)


Started GET "/assets/application.js?body=1" for 127.0.0.1 at 2013-01-29 09:37:20 +0800
Served asset /application.js - 304 Not Modified (0ms)


Started POST "/products" for 127.0.0.1 at 2013-01-29 09:37:27 +0800
Processing by ProductsController#create as HTML
  Parameters: {"utf8"=>"✓", "authenticity_token"=>"x3WUvNl1OKLYa731o6Sx0iZ1dPBAxaHJ3WH9yBGrFoo=", "product"=>{"title"=>"111", "pic"=>#<ActionDispatch::Http::UploadedFile:0x007fc706d34e90 @original_filename="20083181673767_2.jpg", @content_type="image/jpeg", @headers="Content-Disposition: form-data; name=\"product[pic]\"; filename=\"20083181673767_2.jpg\"\r\nContent-Type: image/jpeg\r\n", @tempfile=#<File:/var/folders/25/09_1ljm10377h1wny2bk74qr0000gn/T/RackMultipart20130129-76323-1q9z7rn>>}, "commit"=>"Create Product"}
Command :: identify -format '%wx%h,%[exif:orientation]' '/var/folders/25/09_1ljm10377h1wny2bk74qr0000gn/T/20083181673767_220130129-76323-127iz2h.jpg[0]'
Command :: identify -format %m '/var/folders/25/09_1ljm10377h1wny2bk74qr0000gn/T/20083181673767_220130129-76323-127iz2h.jpg[0]'
Command :: identify -format %m '/var/folders/25/09_1ljm10377h1wny2bk74qr0000gn/T/20083181673767_220130129-76323-127iz2h.jpg[0]'
Command :: convert '/var/folders/25/09_1ljm10377h1wny2bk74qr0000gn/T/20083181673767_220130129-76323-127iz2h.jpg[0]' -auto-orient -resize "300x300>" '/var/folders/25/09_1ljm10377h1wny2bk74qr0000gn/T/20083181673767_220130129-76323-127iz2h20130129-76323-j28ohi'
Command :: file -b --mime '/var/folders/25/09_1ljm10377h1wny2bk74qr0000gn/T/20083181673767_220130129-76323-127iz2h20130129-76323-j28ohi'
Command :: identify -format '%wx%h,%[exif:orientation]' '/var/folders/25/09_1ljm10377h1wny2bk74qr0000gn/T/20083181673767_220130129-76323-127iz2h.jpg[0]'
Command :: identify -format %m '/var/folders/25/09_1ljm10377h1wny2bk74qr0000gn/T/20083181673767_220130129-76323-127iz2h.jpg[0]'
Command :: identify -format %m '/var/folders/25/09_1ljm10377h1wny2bk74qr0000gn/T/20083181673767_220130129-76323-127iz2h.jpg[0]'
Command :: convert '/var/folders/25/09_1ljm10377h1wny2bk74qr0000gn/T/20083181673767_220130129-76323-127iz2h.jpg[0]' -auto-orient -resize "100x100>" '/var/folders/25/09_1ljm10377h1wny2bk74qr0000gn/T/20083181673767_220130129-76323-127iz2h20130129-76323-1kik9zx'
Command :: file -b --mime '/var/folders/25/09_1ljm10377h1wny2bk74qr0000gn/T/20083181673767_220130129-76323-127iz2h20130129-76323-1kik9zx'
  [1m[36m (0.1ms)[0m  [1mbegin transaction[0m
Binary data inserted for `string` type on column `pic_content_type`
  [1m[35mSQL (0.7ms)[0m  INSERT INTO "products" ("created_at", "pic", "pic_content_type", "pic_file_name", "pic_file_size", "pic_updated_at", "title", "updated_at") VALUES (?, ?, ?, ?, ?, ?, ?, ?)  [["created_at", Tue, 29 Jan 2013 01:37:27 UTC +00:00], ["pic", nil], ["pic_content_type", "image/jpeg"], ["pic_file_name", "20083181673767_2.jpg"], ["pic_file_size", 250607], ["pic_updated_at", Tue, 29 Jan 2013 01:37:27 UTC +00:00], ["title", "111"], ["updated_at", Tue, 29 Jan 2013 01:37:27 UTC +00:00]]
[paperclip] Saving attachments.
  [1m[36m (0.6ms)[0m  [1mcommit transaction[0m
Redirected to http://localhost:3000/products/2
Completed 302 Found in 305ms (ActiveRecord: 1.4ms)


Started GET "/products/2" for 127.0.0.1 at 2013-01-29 09:37:27 +0800
Processing by ProductsController#show as HTML
  Parameters: {"id"=>"2"}
  [1m[35mProduct Load (0.1ms)[0m  SELECT "products".* FROM "products" WHERE "products"."id" = ? LIMIT 1  [["id", "2"]]
  Rendered products/show.html.erb within layouts/application (3.4ms)
Completed 200 OK in 11ms (Views: 9.4ms | ActiveRecord: 0.1ms)


Started GET "/assets/application.css?body=1" for 127.0.0.1 at 2013-01-29 09:37:27 +0800
Served asset /application.css - 304 Not Modified (0ms)


Started GET "/assets/scaffolds.css?body=1" for 127.0.0.1 at 2013-01-29 09:37:27 +0800
Served asset /scaffolds.css - 304 Not Modified (0ms)


Started GET "/assets/products.css?body=1" for 127.0.0.1 at 2013-01-29 09:37:27 +0800
Served asset /products.css - 304 Not Modified (0ms)


Started GET "/assets/users.css?body=1" for 127.0.0.1 at 2013-01-29 09:37:27 +0800
Served asset /users.css - 304 Not Modified (0ms)


Started GET "/assets/jquery_ujs.js?body=1" for 127.0.0.1 at 2013-01-29 09:37:27 +0800
Served asset /jquery_ujs.js - 304 Not Modified (0ms)


Started GET "/assets/jquery.js?body=1" for 127.0.0.1 at 2013-01-29 09:37:27 +0800
Served asset /jquery.js - 304 Not Modified (0ms)


Started GET "/assets/products.js?body=1" for 127.0.0.1 at 2013-01-29 09:37:27 +0800
Served asset /products.js - 304 Not Modified (0ms)


Started GET "/assets/users.js?body=1" for 127.0.0.1 at 2013-01-29 09:37:27 +0800
Served asset /users.js - 304 Not Modified (0ms)


Started GET "/assets/application.js?body=1" for 127.0.0.1 at 2013-01-29 09:37:27 +0800
Served asset /application.js - 304 Not Modified (0ms)
